<?xml version="1.0" encoding="UTF-8"?>
<testsuite xmlns:xsi="http://www.w3.org/2001/XMLSchema-instance" xsi:noNamespaceSchemaLocation="https://maven.apache.org/surefire/maven-surefire-plugin/xsd/surefire-test-report-3.0.xsd" version="3.0" name="ticketsystem.AcceptanceTesting.QueueConcurrencyTest" time="0.92" tests="1" errors="0" skipped="0" failures="0">
  <properties>
[...]
</properties>
  <testcase name="testHighConcurrencyLoadOnQueue" classname="ticketsystem.AcceptanceTesting.QueueConcurrencyTest" time="0.89">
    <system-out><![CDATA[User with Session ID User-516 added to waiting list for Event 99
Event is full. User User-516 moved to QUEUE. Position: 900
User with Session ID User-280 added to waiting list for Event 99
Event is full. User User-280 moved to QUEUE. Position: 900
User with Session ID User-421 added to waiting list for Event 99
User with Session ID User-489 added to waiting list for Event 99
User with Session ID User-882 added to waiting list for Event 99
User with Session ID User-809 added to waiting list for Event 99
User with Session ID User-431 added to waiting list for Event 99
Event is full. User User-489 moved to QUEUE. Position: 900
Event is full. User User-809 moved to QUEUE. Position: 900
Event is full. User User-421 moved to QUEUE. Position: 900
Event is full. User User-882 moved to QUEUE. Position: 900
Event is full. User User-431 moved to QUEUE. Position: 900
User with Session ID User-790 added to waiting list for Event 99
User with Session ID User-947 added to waiting list for Event 99
Event is full. User User-947 moved to QUEUE. Position: 900
Event is full. User User-790 moved to QUEUE. Position: 900
User with Session ID User-802 added to waiting list for Event 99
User with Session ID User-598 added to waiting list for Event 99
User with Session ID User-685 added to waiting list for Event 99
User with Session ID User-127 added to waiting list for Event 99
Event is full. User User-802 moved to QUEUE. Position: 900
Event is full. User User-598 moved to QUEUE. Position: 900
User with Session ID User-597 added to waiting list for Event 99
Event is full. User User-685 moved to QUEUE. Position: 900
Event is full. User User-127 moved to QUEUE. Position: 900
User with Session ID User-134 added to waiting list for Event 99
Event is full. User User-597 moved to QUEUE. Position: 900
Event is full. User User-134 moved to QUEUE. Position: 900
User with Session ID User-935 added to waiting list for Event 99
User with session idUser-912 APPROVED to enter checkout for Event 99
User with Session ID User-137 added to waiting list for Event 99
User with Session ID User-934 added to waiting list for Event 99
Event is full. User User-935 moved to QUEUE. Position: 900
Event is full. User User-137 moved to QUEUE. Position: 900
User with Session ID User-331 added to waiting list for Event 99
User with Session ID User-401 added to waiting list for Event 99
Event is full. User User-934 moved to QUEUE. Position: 900
User with Session ID User-388 added to waiting list for Event 99
User with Session ID User-584 added to waiting list for Event 99
Event is full. User User-331 moved to QUEUE. Position: 900
Event is full. User User-401 moved to QUEUE. Position: 900
Event is full. User User-584 moved to QUEUE. Position: 900
Event is full. User User-388 moved to QUEUE. Position: 900
User with session idUser-2 APPROVED to enter checkout for Event 99
User with Session ID User-531 added to waiting list for Event 99
User with Session ID User-797 added to waiting list for Event 99
User with Session ID User-356 added to waiting list for Event 99
Event is full. User User-531 moved to QUEUE. Position: 900
Event is full. User User-797 moved to QUEUE. Position: 900
User with Session ID User-509 added to waiting list for Event 99
User with Session ID User-838 added to waiting list for Event 99
Event is full. User User-356 moved to QUEUE. Position: 900
Event is full. User User-838 moved to QUEUE. Position: 900
User with Session ID User-268 added to waiting list for Event 99
User with Session ID User-95 added to waiting list for Event 99
User with Session ID User-305 added to waiting list for Event 99
Event is full. User User-268 moved to QUEUE. Position: 900
Event is full. User User-95 moved to QUEUE. Position: 900
User with Session ID User-510 added to waiting list for Event 99
Event is full. User User-509 moved to QUEUE. Position: 900
Event is full. User User-510 moved to QUEUE. Position: 900
Event is full. User User-305 moved to QUEUE. Position: 900
User with Session ID User-966 added to waiting list for Event 99
User with Session ID User-954 added to waiting list for Event 99
Event is full. User User-966 moved to QUEUE. Position: 900
Event is full. User User-954 moved to QUEUE. Position: 900
User with Session ID User-292 added to waiting list for Event 99
Event is full. User User-292 moved to QUEUE. Position: 900
User with Session ID User-746 added to waiting list for Event 99
Event is full. User User-746 moved to QUEUE. Position: 900
User with Session ID User-551 added to waiting list for Event 99
Event is full. User User-551 moved to QUEUE. Position: 900
User with Session ID User-236 added to waiting list for Event 99
User with Session ID User-466 added to waiting list for Event 99
Event is full. User User-236 moved to QUEUE. Position: 900
Event is full. User User-466 moved to QUEUE. Position: 900
User with Session ID User-267 added to waiting list for Event 99
Event is full. User User-267 moved to QUEUE. Position: 900
User with Session ID User-282 added to waiting list for Event 99
Event is full. User User-282 moved to QUEUE. Position: 900
User with Session ID User-601 added to waiting list for Event 99
User with Session ID User-883 added to waiting list for Event 99
Event is full. User User-601 moved to QUEUE. Position: 900
Event is full. User User-883 moved to QUEUE. Position: 900
User with Session ID User-365 added to waiting list for Event 99
Event is full. User User-365 moved to QUEUE. Position: 900
User with Session ID User-478 added to waiting list for Event 99
User with Session ID User-657 added to waiting list for Event 99
Event is full. User User-478 moved to QUEUE. Position: 900
Event is full. User User-657 moved to QUEUE. Position: 900
User with Session ID User-841 added to waiting list for Event 99
Event is full. User User-841 moved to QUEUE. Position: 900
User with Session ID User-443 added to waiting list for Event 99
User with Session ID User-613 added to waiting list for Event 99
User with Session ID User-142 added to waiting list for Event 99
Event is full. User User-443 moved to QUEUE. Position: 900
Event is full. User User-142 moved to QUEUE. Position: 900
Event is full. User User-613 moved to QUEUE. Position: 900
User with Session ID User-583 added to waiting list for Event 99
Event is full. User User-583 moved to QUEUE. Position: 900
User with Session ID User-490 added to waiting list for Event 99
Event is full. User User-490 moved to QUEUE. Position: 900
User with Session ID User-663 added to waiting list for Event 99
User with Session ID User-96 added to waiting list for Event 99
Event is full. User User-663 moved to QUEUE. Position: 900
Event is full. User User-96 moved to QUEUE. Position: 900
User with Session ID User-435 added to waiting list for Event 99
Event is full. User User-435 moved to QUEUE. Position: 900
User with Session ID User-708 added to waiting list for Event 99
Event is full. User User-708 moved to QUEUE. Position: 900
User with Session ID User-178 added to waiting list for Event 99
User with Session ID User-631 added to waiting list for Event 99
Event is full. User User-178 moved to QUEUE. Position: 900
Event is full. User User-631 moved to QUEUE. Position: 900
User with Session ID User-994 added to waiting list for Event 99
Event is full. User User-994 moved to QUEUE. Position: 900
User with Session ID User-576 added to waiting list for Event 99
User with Session ID User-254 added to waiting list for Event 99
User with Session ID User-141 added to waiting list for Event 99
Event is full. User User-576 moved to QUEUE. Position: 900
User with Session ID User-325 added to waiting list for Event 99
User with Session ID User-167 added to waiting list for Event 99
Event is full. User User-141 moved to QUEUE. Position: 900
Event is full. User User-167 moved to QUEUE. Position: 900
Event is full. User User-325 moved to QUEUE. Position: 900
User with Session ID User-256 added to waiting list for Event 99
Event is full. User User-256 moved to QUEUE. Position: 900
Event is full. User User-254 moved to QUEUE. Position: 900
User with Session ID User-940 added to waiting list for Event 99
User with Session ID User-125 added to waiting list for Event 99
User with Session ID User-596 added to waiting list for Event 99
User with session idUser-8 APPROVED to enter checkout for Event 99
User with Session ID User-128 added to waiting list for Event 99
Event is full. User User-940 moved to QUEUE. Position: 900
User with Session ID User-375 added to waiting list for Event 99
Event is full. User User-125 moved to QUEUE. Position: 900
Event is full. User User-596 moved to QUEUE. Position: 900
Event is full. User User-128 moved to QUEUE. Position: 900
Event is full. User User-375 moved to QUEUE. Position: 900
User with Session ID User-857 added to waiting list for Event 99
Event is full. User User-857 moved to QUEUE. Position: 900
User with Session ID User-307 added to waiting list for Event 99
User with Session ID User-555 added to waiting list for Event 99
User with Session ID User-348 added to waiting list for Event 99
User with Session ID User-885 added to waiting list for Event 99
User with Session ID User-200 added to waiting list for Event 99
Event is full. User User-348 moved to QUEUE. Position: 900
Event is full. User User-555 moved to QUEUE. Position: 900
Event is full. User User-885 moved to QUEUE. Position: 900
Event is full. User User-200 moved to QUEUE. Position: 900
Event is full. User User-307 moved to QUEUE. Position: 900
User with Session ID User-612 added to waiting list for Event 99
User with Session ID User-281 added to waiting list for Event 99
Event is full. User User-612 moved to QUEUE. Position: 900
Event is full. User User-281 moved to QUEUE. Position: 900
User with Session ID User-173 added to waiting list for Event 99
User with Session ID User-407 added to waiting list for Event 99
User with Session ID User-252 added to waiting list for Event 99
User with Session ID User-225 added to waiting list for Event 99
Event is full. User User-252 moved to QUEUE. Position: 900
Event is full. User User-173 moved to QUEUE. Position: 900
Event is full. User User-225 moved to QUEUE. Position: 900
User with Session ID User-295 added to waiting list for Event 99
Event is full. User User-407 moved to QUEUE. Position: 900
Event is full. User User-295 moved to QUEUE. Position: 900
User with session idUser-36 APPROVED to enter checkout for Event 99
User with Session ID User-571 added to waiting list for Event 99
User with session idUser-897 APPROVED to enter checkout for Event 99
Event is full. User User-571 moved to QUEUE. Position: 900
User with Session ID User-454 added to waiting list for Event 99
User with Session ID User-586 added to waiting list for Event 99
Event is full. User User-454 moved to QUEUE. Position: 900
Event is full. User User-586 moved to QUEUE. Position: 900
User with Session ID User-533 added to waiting list for Event 99
User with Session ID User-380 added to waiting list for Event 99
User with Session ID User-569 added to waiting list for Event 99
Event is full. User User-533 moved to QUEUE. Position: 900
User with session idUser-14 APPROVED to enter checkout for Event 99
Event is full. User User-569 moved to QUEUE. Position: 900
User with Session ID User-118 added to waiting list for Event 99
User with Session ID User-570 added to waiting list for Event 99
Event is full. User User-380 moved to QUEUE. Position: 900
Event is full. User User-118 moved to QUEUE. Position: 900
Event is full. User User-570 moved to QUEUE. Position: 900
User with Session ID User-506 added to waiting list for Event 99
User with session idUser-891 APPROVED to enter checkout for Event 99
User with Session ID User-175 added to waiting list for Event 99
Event is full. User User-175 moved to QUEUE. Position: 900
User with Session ID User-363 added to waiting list for Event 99
Event is full. User User-363 moved to QUEUE. Position: 900
Event is full. User User-506 moved to QUEUE. Position: 900
User with Session ID User-176 added to waiting list for Event 99
User with Session ID User-183 added to waiting list for Event 99
Event is full. User User-176 moved to QUEUE. Position: 900
Event is full. User User-183 moved to QUEUE. Position: 900
User with Session ID User-366 added to waiting list for Event 99
User with Session ID User-169 added to waiting list for Event 99
Event is full. User User-366 moved to QUEUE. Position: 900
User with Session ID User-660 added to waiting list for Event 99
User with Session ID User-582 added to waiting list for Event 99
User with Session ID User-914 added to waiting list for Event 99
Event is full. User User-169 moved to QUEUE. Position: 900
Event is full. User User-660 moved to QUEUE. Position: 900
Event is full. User User-582 moved to QUEUE. Position: 900
Event is full. User User-914 moved to QUEUE. Position: 900
User with Session ID User-450 added to waiting list for Event 99
User with Session ID User-973 added to waiting list for Event 99
User with Session ID User-216 added to waiting list for Event 99
Event is full. User User-450 moved to QUEUE. Position: 900
Event is full. User User-973 moved to QUEUE. Position: 900
Event is full. User User-216 moved to QUEUE. Position: 900
User with Session ID User-961 added to waiting list for Event 99
User with Session ID User-594 added to waiting list for Event 99
User with Session ID User-720 added to waiting list for Event 99
Event is full. User User-961 moved to QUEUE. Position: 900
Event is full. User User-594 moved to QUEUE. Position: 900
Event is full. User User-720 moved to QUEUE. Position: 900
User with Session ID User-493 added to waiting list for Event 99
User with Session ID User-494 added to waiting list for Event 99
Event is full. User User-493 moved to QUEUE. Position: 900
Event is full. User User-494 moved to QUEUE. Position: 900
User with Session ID User-521 added to waiting list for Event 99
User with Session ID User-512 added to waiting list for Event 99
Event is full. User User-521 moved to QUEUE. Position: 900
User with Session ID User-121 added to waiting list for Event 99
Event is full. User User-512 moved to QUEUE. Position: 900
User with Session ID User-684 added to waiting list for Event 99
User with Session ID User-376 added to waiting list for Event 99
Event is full. User User-121 moved to QUEUE. Position: 900
User with session idUser-13 APPROVED to enter checkout for Event 99
Event is full. User User-376 moved to QUEUE. Position: 900
User with Session ID User-519 added to waiting list for Event 99
Event is full. User User-684 moved to QUEUE. Position: 900
Event is full. User User-519 moved to QUEUE. Position: 900
User with Session ID User-291 added to waiting list for Event 99
Event is full. User User-291 moved to QUEUE. Position: 900
User with Session ID User-804 added to waiting list for Event 99
Event is full. User User-804 moved to QUEUE. Position: 900
User with Session ID User-807 added to waiting list for Event 99
User with Session ID User-738 added to waiting list for Event 99
Event is full. User User-738 moved to QUEUE. Position: 900
Event is full. User User-807 moved to QUEUE. Position: 900
User with Session ID User-293 added to waiting list for Event 99
Event is full. User User-293 moved to QUEUE. Position: 900
User with Session ID User-166 added to waiting list for Event 99
Event is full. User User-166 moved to QUEUE. Position: 900
User with Session ID User-923 added to waiting list for Event 99
Event is full. User User-923 moved to QUEUE. Position: 900
User with Session ID User-362 added to waiting list for Event 99
Event is full. User User-362 moved to QUEUE. Position: 900
User with Session ID User-275 added to waiting list for Event 99
Event is full. User User-275 moved to QUEUE. Position: 900
User with Session ID User-864 added to waiting list for Event 99
Event is full. User User-864 moved to QUEUE. Position: 900
User with Session ID User-163 added to waiting list for Event 99
User with Session ID User-384 added to waiting list for Event 99
Event is full. User User-163 moved to QUEUE. Position: 900
Event is full. User User-384 moved to QUEUE. Position: 900
User with Session ID User-740 added to waiting list for Event 99
Event is full. User User-740 moved to QUEUE. Position: 900
User with Session ID User-975 added to waiting list for Event 99
Event is full. User User-975 moved to QUEUE. Position: 900
User with Session ID User-765 added to waiting list for Event 99
Event is full. User User-765 moved to QUEUE. Position: 900
User with Session ID User-79 added to waiting list for Event 99
Event is full. User User-79 moved to QUEUE. Position: 900
User with Session ID User-112 added to waiting list for Event 99
Event is full. User User-112 moved to QUEUE. Position: 900
User with Session ID User-422 added to waiting list for Event 99
Event is full. User User-422 moved to QUEUE. Position: 900
User with Session ID User-398 added to waiting list for Event 99
User with Session ID User-420 added to waiting list for Event 99
Event is full. User User-398 moved to QUEUE. Position: 900
Event is full. User User-420 moved to QUEUE. Position: 900
User with Session ID User-574 added to waiting list for Event 99
Event is full. User User-574 moved to QUEUE. Position: 900
User with Session ID User-532 added to waiting list for Event 99
User with Session ID User-300 added to waiting list for Event 99
Event is full. User User-300 moved to QUEUE. Position: 900
Event is full. User User-532 moved to QUEUE. Position: 900
User with Session ID User-286 added to waiting list for Event 99
Event is full. User User-286 moved to QUEUE. Position: 900
User with Session ID User-140 added to waiting list for Event 99
Event is full. User User-140 moved to QUEUE. Position: 900
User with Session ID User-393 added to waiting list for Event 99
Event is full. User User-393 moved to QUEUE. Position: 900
User with Session ID User-978 added to waiting list for Event 99
Event is full. User User-978 moved to QUEUE. Position: 900
User with Session ID User-80 added to waiting list for Event 99
Event is full. User User-80 moved to QUEUE. Position: 900
User with session idUser-895 APPROVED to enter checkout for Event 99
User with Session ID User-916 added to waiting list for Event 99
Event is full. User User-916 moved to QUEUE. Position: 900
User with Session ID User-255 added to waiting list for Event 99
Event is full. User User-255 moved to QUEUE. Position: 900
User with session idUser-26 APPROVED to enter checkout for Event 99
User with session idUser-68 APPROVED to enter checkout for Event 99
User with Session ID User-837 added to waiting list for Event 99
User with Session ID User-562 added to waiting list for Event 99
Event is full. User User-562 moved to QUEUE. Position: 900
Event is full. User User-837 moved to QUEUE. Position: 900
User with Session ID User-264 added to waiting list for Event 99
Event is full. User User-264 moved to QUEUE. Position: 900
User with Session ID User-616 added to waiting list for Event 99
User with Session ID User-172 added to waiting list for Event 99
User with Session ID User-866 added to waiting list for Event 99
Event is full. User User-616 moved to QUEUE. Position: 900
Event is full. User User-172 moved to QUEUE. Position: 900
Event is full. User User-866 moved to QUEUE. Position: 900
User with Session ID User-860 added to waiting list for Event 99
Event is full. User User-860 moved to QUEUE. Position: 900
User with Session ID User-523 added to waiting list for Event 99
Event is full. User User-523 moved to QUEUE. Position: 900
User with Session ID User-279 added to waiting list for Event 99
Event is full. User User-279 moved to QUEUE. Position: 900
User with Session ID User-932 added to waiting list for Event 99
Event is full. User User-932 moved to QUEUE. Position: 900
User with Session ID User-850 added to waiting list for Event 99
Event is full. User User-850 moved to QUEUE. Position: 900
User with Session ID User-964 added to waiting list for Event 99
User with Session ID User-455 added to waiting list for Event 99
Event is full. User User-964 moved to QUEUE. Position: 900
Event is full. User User-455 moved to QUEUE. Position: 900
User with Session ID User-88 added to waiting list for Event 99
User with Session ID User-145 added to waiting list for Event 99
Event is full. User User-88 moved to QUEUE. Position: 900
Event is full. User User-145 moved to QUEUE. Position: 900
User with Session ID User-546 added to waiting list for Event 99
User with Session ID User-155 added to waiting list for Event 99
Event is full. User User-155 moved to QUEUE. Position: 900
User with Session ID User-444 added to waiting list for Event 99
Event is full. User User-546 moved to QUEUE. Position: 900
User with Session ID User-979 added to waiting list for Event 99
User with Session ID User-821 added to waiting list for Event 99
Event is full. User User-444 moved to QUEUE. Position: 900
Event is full. User User-979 moved to QUEUE. Position: 900
Event is full. User User-821 moved to QUEUE. Position: 900
User with Session ID User-91 added to waiting list for Event 99
Event is full. User User-91 moved to QUEUE. Position: 900
User with Session ID User-590 added to waiting list for Event 99
Event is full. User User-590 moved to QUEUE. Position: 900
User with Session ID User-283 added to waiting list for Event 99
User with Session ID User-408 added to waiting list for Event 99
Event is full. User User-283 moved to QUEUE. Position: 900
Event is full. User User-408 moved to QUEUE. Position: 900
User with Session ID User-617 added to waiting list for Event 99
User with Session ID User-271 added to waiting list for Event 99
Event is full. User User-617 moved to QUEUE. Position: 900
Event is full. User User-271 moved to QUEUE. Position: 900
User with session idUser-54 APPROVED to enter checkout for Event 99
User with session idUser-12 APPROVED to enter checkout for Event 99
User with Session ID User-157 added to waiting list for Event 99
User with session idUser-55 APPROVED to enter checkout for Event 99
Event is full. User User-157 moved to QUEUE. Position: 900
User with Session ID User-129 added to waiting list for Event 99
User with Session ID User-397 added to waiting list for Event 99
Event is full. User User-129 moved to QUEUE. Position: 900
Event is full. User User-397 moved to QUEUE. Position: 900
User with Session ID User-552 added to waiting list for Event 99
User with Session ID User-862 added to waiting list for Event 99
Event is full. User User-862 moved to QUEUE. Position: 900
User with Session ID User-871 added to waiting list for Event 99
Event is full. User User-871 moved to QUEUE. Position: 900
User with Session ID User-447 added to waiting list for Event 99
Event is full. User User-447 moved to QUEUE. Position: 900
User with Session ID User-102 added to waiting list for Event 99
Event is full. User User-102 moved to QUEUE. Position: 900
User with Session ID User-976 added to waiting list for Event 99
User with Session ID User-243 added to waiting list for Event 99
Event is full. User User-976 moved to QUEUE. Position: 900
Event is full. User User-243 moved to QUEUE. Position: 900
User with session idUser-890 APPROVED to enter checkout for Event 99
User with Session ID User-632 added to waiting list for Event 99
Event is full. User User-632 moved to QUEUE. Position: 900
User with Session ID User-89 added to waiting list for Event 99
User with Session ID User-395 added to waiting list for Event 99
User with Session ID User-904 added to waiting list for Event 99
Event is full. User User-395 moved to QUEUE. Position: 900
Event is full. User User-904 moved to QUEUE. Position: 900
User with session idUser-69 APPROVED to enter checkout for Event 99
Event is full. User User-89 moved to QUEUE. Position: 900
User with Session ID User-959 added to waiting list for Event 99
User with Session ID User-997 added to waiting list for Event 99
User with Session ID User-153 added to waiting list for Event 99
Event is full. User User-959 moved to QUEUE. Position: 900
Event is full. User User-997 moved to QUEUE. Position: 900
Event is full. User User-153 moved to QUEUE. Position: 900
User with session idUser-32 APPROVED to enter checkout for Event 99
User with Session ID User-847 added to waiting list for Event 99
User with Session ID User-410 added to waiting list for Event 99
User with Session ID User-77 added to waiting list for Event 99
Event is full. User User-847 moved to QUEUE. Position: 900
Event is full. User User-77 moved to QUEUE. Position: 900
Event is full. User User-410 moved to QUEUE. Position: 900
User with session idUser-9 APPROVED to enter checkout for Event 99
User with Session ID User-343 added to waiting list for Event 99
User with Session ID User-451 added to waiting list for Event 99
Event is full. User User-343 moved to QUEUE. Position: 900
Event is full. User User-451 moved to QUEUE. Position: 900
User with session idUser-33 APPROVED to enter checkout for Event 99
User with Session ID User-319 added to waiting list for Event 99
User with Session ID User-945 added to waiting list for Event 99
Event is full. User User-945 moved to QUEUE. Position: 900
User with Session ID User-477 added to waiting list for Event 99
Event is full. User User-319 moved to QUEUE. Position: 900
User with Session ID User-344 added to waiting list for Event 99
Event is full. User User-344 moved to QUEUE. Position: 900
Event is full. User User-477 moved to QUEUE. Position: 900
User with Session ID User-368 added to waiting list for Event 99
User with session idUser-893 APPROVED to enter checkout for Event 99
Event is full. User User-368 moved to QUEUE. Position: 900
User with Session ID User-227 added to waiting list for Event 99
User with Session ID User-985 added to waiting list for Event 99
User with Session ID User-130 added to waiting list for Event 99
Event is full. User User-227 moved to QUEUE. Position: 900
User with Session ID User-754 added to waiting list for Event 99
Event is full. User User-754 moved to QUEUE. Position: 900
Event is full. User User-985 moved to QUEUE. Position: 900
Event is full. User User-130 moved to QUEUE. Position: 900
User with Session ID User-253 added to waiting list for Event 99
User with Session ID User-143 added to waiting list for Event 99
Event is full. User User-143 moved to QUEUE. Position: 900
Event is full. User User-253 moved to QUEUE. Position: 900
User with Session ID User-259 added to waiting list for Event 99
User with Session ID User-441 added to waiting list for Event 99
Event is full. User User-259 moved to QUEUE. Position: 900
Event is full. User User-441 moved to QUEUE. Position: 900
Event is full. User User-552 moved to QUEUE. Position: 900
User with Session ID User-83 added to waiting list for Event 99
Event is full. User User-83 moved to QUEUE. Position: 900
User with Session ID User-400 added to waiting list for Event 99
User with Session ID User-158 added to waiting list for Event 99
Event is full. User User-400 moved to QUEUE. Position: 900
User with Session ID User-946 added to waiting list for Event 99
Event is full. User User-158 moved to QUEUE. Position: 900
Event is full. User User-946 moved to QUEUE. Position: 900
User with Session ID User-162 added to waiting list for Event 99
Event is full. User User-162 moved to QUEUE. Position: 900
User with Session ID User-76 added to waiting list for Event 99
User with Session ID User-839 added to waiting list for Event 99
Event is full. User User-839 moved to QUEUE. Position: 900
User with Session ID User-285 added to waiting list for Event 99
User with Session ID User-106 added to waiting list for Event 99
Event is full. User User-76 moved to QUEUE. Position: 900
Event is full. User User-106 moved to QUEUE. Position: 900
Event is full. User User-285 moved to QUEUE. Position: 900
User with session idUser-24 APPROVED to enter checkout for Event 99
User with Session ID User-497 added to waiting list for Event 99
User with session idUser-818 APPROVED to enter checkout for Event 99
Event is full. User User-497 moved to QUEUE. Position: 900
User with Session ID User-399 added to waiting list for Event 99
User with Session ID User-481 added to waiting list for Event 99
Event is full. User User-399 moved to QUEUE. Position: 900
Event is full. User User-481 moved to QUEUE. Position: 900
User with Session ID User-836 added to waiting list for Event 99
Event is full. User User-836 moved to QUEUE. Position: 900
User with Session ID User-560 added to waiting list for Event 99
Event is full. User User-560 moved to QUEUE. Position: 900
User with Session ID User-525 added to waiting list for Event 99
Event is full. User User-525 moved to QUEUE. Position: 900
User with Session ID User-269 added to waiting list for Event 99
User with Session ID User-426 added to waiting list for Event 99
User with Session ID User-298 added to waiting list for Event 99
User with Session ID User-643 added to waiting list for Event 99
User with Session ID User-437 added to waiting list for Event 99
Event is full. User User-426 moved to QUEUE. Position: 900
Event is full. User User-437 moved to QUEUE. Position: 900
Event is full. User User-298 moved to QUEUE. Position: 900
User with Session ID User-423 added to waiting list for Event 99
User with Session ID User-231 added to waiting list for Event 99
Event is full. User User-423 moved to QUEUE. Position: 900
User with Session ID User-817 added to waiting list for Event 99
Event is full. User User-231 moved to QUEUE. Position: 900
Event is full. User User-269 moved to QUEUE. Position: 900
Event is full. User User-643 moved to QUEUE. Position: 900
Event is full. User User-817 moved to QUEUE. Position: 900
User with Session ID User-535 added to waiting list for Event 99
User with Session ID User-867 added to waiting list for Event 99
User with Session ID User-844 added to waiting list for Event 99
User with Session ID User-277 added to waiting list for Event 99
Event is full. User User-277 moved to QUEUE. Position: 900
Event is full. User User-867 moved to QUEUE. Position: 900
Event is full. User User-844 moved to QUEUE. Position: 900
Event is full. User User-535 moved to QUEUE. Position: 900
User with Session ID User-824 added to waiting list for Event 99
User with Session ID User-957 added to waiting list for Event 99
User with session idUser-39 APPROVED to enter checkout for Event 99
Event is full. User User-824 moved to QUEUE. Position: 900
Event is full. User User-957 moved to QUEUE. Position: 900
User with Session ID User-805 added to waiting list for Event 99
Event is full. User User-805 moved to QUEUE. Position: 900
User with Session ID User-270 added to waiting list for Event 99
Event is full. User User-270 moved to QUEUE. Position: 900
User with Session ID User-952 added to waiting list for Event 99
User with Session ID User-693 added to waiting list for Event 99
User with Session ID User-722 added to waiting list for Event 99
User with Session ID User-413 added to waiting list for Event 99
Event is full. User User-693 moved to QUEUE. Position: 900
Event is full. User User-722 moved to QUEUE. Position: 900
Event is full. User User-952 moved to QUEUE. Position: 900
User with Session ID User-917 added to waiting list for Event 99
Event is full. User User-413 moved to QUEUE. Position: 900
Event is full. User User-917 moved to QUEUE. Position: 900
User with Session ID User-353 added to waiting list for Event 99
User with session idUser-892 APPROVED to enter checkout for Event 99
Event is full. User User-353 moved to QUEUE. Position: 900
User with Session ID User-382 added to waiting list for Event 99
User with Session ID User-831 added to waiting list for Event 99
User with Session ID User-735 added to waiting list for Event 99
Event is full. User User-382 moved to QUEUE. Position: 900
Event is full. User User-831 moved to QUEUE. Position: 900
Event is full. User User-735 moved to QUEUE. Position: 900
User with Session ID User-414 added to waiting list for Event 99
User with Session ID User-311 added to waiting list for Event 99
Event is full. User User-414 moved to QUEUE. Position: 900
Event is full. User User-311 moved to QUEUE. Position: 900
User with Session ID User-610 added to waiting list for Event 99
Event is full. User User-610 moved to QUEUE. Position: 900
User with Session ID User-719 added to waiting list for Event 99
User with Session ID User-567 added to waiting list for Event 99
Event is full. User User-719 moved to QUEUE. Position: 900
Event is full. User User-567 moved to QUEUE. Position: 900
User with Session ID User-204 added to waiting list for Event 99
User with Session ID User-288 added to waiting list for Event 99
Event is full. User User-288 moved to QUEUE. Position: 900
Event is full. User User-204 moved to QUEUE. Position: 900
User with Session ID User-297 added to waiting list for Event 99
Event is full. User User-297 moved to QUEUE. Position: 900
User with Session ID User-470 added to waiting list for Event 99
Event is full. User User-470 moved to QUEUE. Position: 900
User with Session ID User-203 added to waiting list for Event 99
User with Session ID User-846 added to waiting list for Event 99
Event is full. User User-203 moved to QUEUE. Position: 900
User with Session ID User-406 added to waiting list for Event 99
Event is full. User User-406 moved to QUEUE. Position: 900
Event is full. User User-846 moved to QUEUE. Position: 900
User with Session ID User-554 added to waiting list for Event 99
Event is full. User User-554 moved to QUEUE. Position: 900
User with Session ID User-983 added to waiting list for Event 99
User with Session ID User-658 added to waiting list for Event 99
Event is full. User User-983 moved to QUEUE. Position: 900
User with Session ID User-329 added to waiting list for Event 99
Event is full. User User-658 moved to QUEUE. Position: 900
Event is full. User User-329 moved to QUEUE. Position: 900
User with Session ID User-114 added to waiting list for Event 99
User with session idUser-18 APPROVED to enter checkout for Event 99
User with Session ID User-339 added to waiting list for Event 99
User with Session ID User-999 added to waiting list for Event 99
Event is full. User User-339 moved to QUEUE. Position: 900
Event is full. User User-999 moved to QUEUE. Position: 900
Event is full. User User-114 moved to QUEUE. Position: 900
User with Session ID User-984 added to waiting list for Event 99
Event is full. User User-984 moved to QUEUE. Position: 900
User with Session ID User-918 added to waiting list for Event 99
Event is full. User User-918 moved to QUEUE. Position: 900
User with Session ID User-428 added to waiting list for Event 99
Event is full. User User-428 moved to QUEUE. Position: 900
User with Session ID User-371 added to waiting list for Event 99
User with Session ID User-795 added to waiting list for Event 99
User with Session ID User-592 added to waiting list for Event 99
Event is full. User User-371 moved to QUEUE. Position: 900
Event is full. User User-592 moved to QUEUE. Position: 900
User with Session ID User-872 added to waiting list for Event 99
User with Session ID User-241 added to waiting list for Event 99
Event is full. User User-241 moved to QUEUE. Position: 900
Event is full. User User-872 moved to QUEUE. Position: 900
Event is full. User User-795 moved to QUEUE. Position: 900
User with Session ID User-900 added to waiting list for Event 99
Event is full. User User-900 moved to QUEUE. Position: 900
User with session idUser-46 APPROVED to enter checkout for Event 99
User with Session ID User-793 added to waiting list for Event 99
Event is full. User User-793 moved to QUEUE. Position: 900
User with session idUser-63 APPROVED to enter checkout for Event 99
User with Session ID User-764 added to waiting list for Event 99
User with Session ID User-550 added to waiting list for Event 99
Event is full. User User-764 moved to QUEUE. Position: 900
Event is full. User User-550 moved to QUEUE. Position: 900
User with Session ID User-645 added to waiting list for Event 99
Event is full. User User-645 moved to QUEUE. Position: 900
User with Session ID User-644 added to waiting list for Event 99
User with Session ID User-274 added to waiting list for Event 99
Event is full. User User-644 moved to QUEUE. Position: 900
User with Session ID User-242 added to waiting list for Event 99
Event is full. User User-274 moved to QUEUE. Position: 900
User with session idUser-64 APPROVED to enter checkout for Event 99
Event is full. User User-242 moved to QUEUE. Position: 900
User with session idUser-50 APPROVED to enter checkout for Event 99
User with Session ID User-875 added to waiting list for Event 99
User with session idUser-61 APPROVED to enter checkout for Event 99
Event is full. User User-875 moved to QUEUE. Position: 900
User with session idUser-3 APPROVED to enter checkout for Event 99
User with Session ID User-849 added to waiting list for Event 99
User with Session ID User-120 added to waiting list for Event 99
Event is full. User User-849 moved to QUEUE. Position: 900
Event is full. User User-120 moved to QUEUE. Position: 900
User with Session ID User-480 added to waiting list for Event 99
Event is full. User User-480 moved to QUEUE. Position: 900
User with Session ID User-665 added to waiting list for Event 99
User with Session ID User-220 added to waiting list for Event 99
Event is full. User User-665 moved to QUEUE. Position: 900
Event is full. User User-220 moved to QUEUE. Position: 900
User with Session ID User-728 added to waiting list for Event 99
Event is full. User User-728 moved to QUEUE. Position: 900
User with Session ID User-745 added to waiting list for Event 99
User with Session ID User-186 added to waiting list for Event 99
User with Session ID User-391 added to waiting list for Event 99
User with Session ID User-195 added to waiting list for Event 99
Event is full. User User-391 moved to QUEUE. Position: 900
Event is full. User User-195 moved to QUEUE. Position: 900
Event is full. User User-745 moved to QUEUE. Position: 900
Event is full. User User-186 moved to QUEUE. Position: 900
User with Session ID User-144 added to waiting list for Event 99
User with Session ID User-87 added to waiting list for Event 99
User with Session ID User-147 added to waiting list for Event 99
User with Session ID User-438 added to waiting list for Event 99
Event is full. User User-144 moved to QUEUE. Position: 900
User with Session ID User-730 added to waiting list for Event 99
Event is full. User User-87 moved to QUEUE. Position: 900
Event is full. User User-147 moved to QUEUE. Position: 900
Event is full. User User-438 moved to QUEUE. Position: 900
User with Session ID User-508 added to waiting list for Event 99
Event is full. User User-508 moved to QUEUE. Position: 900
Event is full. User User-730 moved to QUEUE. Position: 900
User with Session ID User-284 added to waiting list for Event 99
User with Session ID User-223 added to waiting list for Event 99
Event is full. User User-284 moved to QUEUE. Position: 900
Event is full. User User-223 moved to QUEUE. Position: 900
User with Session ID User-661 added to waiting list for Event 99
User with Session ID User-677 added to waiting list for Event 99
Event is full. User User-661 moved to QUEUE. Position: 900
Event is full. User User-677 moved to QUEUE. Position: 900
User with Session ID User-662 added to waiting list for Event 99
User with Session ID User-707 added to waiting list for Event 99
Event is full. User User-662 moved to QUEUE. Position: 900
Event is full. User User-707 moved to QUEUE. Position: 900
User with Session ID User-427 added to waiting list for Event 99
User with Session ID User-716 added to waiting list for Event 99
User with Session ID User-652 added to waiting list for Event 99
Event is full. User User-427 moved to QUEUE. Position: 900
Event is full. User User-716 moved to QUEUE. Position: 900
Event is full. User User-652 moved to QUEUE. Position: 900
User with Session ID User-649 added to waiting list for Event 99
User with Session ID User-620 added to waiting list for Event 99
Event is full. User User-620 moved to QUEUE. Position: 900
Event is full. User User-649 moved to QUEUE. Position: 900
User with Session ID User-633 added to waiting list for Event 99
User with session idUser-889 APPROVED to enter checkout for Event 99
User with Session ID User-880 added to waiting list for Event 99
Event is full. User User-633 moved to QUEUE. Position: 900
Event is full. User User-880 moved to QUEUE. Position: 900
User with Session ID User-741 added to waiting list for Event 99
User with Session ID User-697 added to waiting list for Event 99
User with Session ID User-736 added to waiting list for Event 99
Event is full. User User-697 moved to QUEUE. Position: 900
Event is full. User User-741 moved to QUEUE. Position: 900
User with session idUser-17 APPROVED to enter checkout for Event 99
Event is full. User User-736 moved to QUEUE. Position: 900
User with Session ID User-680 added to waiting list for Event 99
User with Session ID User-316 added to waiting list for Event 99
User with Session ID User-703 added to waiting list for Event 99
Event is full. User User-680 moved to QUEUE. Position: 900
User with Session ID User-232 added to waiting list for Event 99
User with Session ID User-971 added to waiting list for Event 99
Event is full. User User-703 moved to QUEUE. Position: 900
Event is full. User User-316 moved to QUEUE. Position: 900
Event is full. User User-232 moved to QUEUE. Position: 900
Event is full. User User-971 moved to QUEUE. Position: 900
User with Session ID User-689 added to waiting list for Event 99
User with Session ID User-302 added to waiting list for Event 99
User with Session ID User-228 added to waiting list for Event 99
User with Session ID User-378 added to waiting list for Event 99
User with Session ID User-781 added to waiting list for Event 99
Event is full. User User-689 moved to QUEUE. Position: 900
User with Session ID User-246 added to waiting list for Event 99
User with Session ID User-717 added to waiting list for Event 99
User with Session ID User-218 added to waiting list for Event 99
Event is full. User User-378 moved to QUEUE. Position: 900
User with session idUser-59 APPROVED to enter checkout for Event 99
Event is full. User User-781 moved to QUEUE. Position: 900
Event is full. User User-228 moved to QUEUE. Position: 900
Event is full. User User-302 moved to QUEUE. Position: 900
Event is full. User User-717 moved to QUEUE. Position: 900
Event is full. User User-218 moved to QUEUE. Position: 900
Event is full. User User-246 moved to QUEUE. Position: 900
User with Session ID User-815 added to waiting list for Event 99
Event is full. User User-815 moved to QUEUE. Position: 900
User with session idUser-45 APPROVED to enter checkout for Event 99
User with session idUser-894 APPROVED to enter checkout for Event 99
User with session idUser-905 APPROVED to enter checkout for Event 99
User with Session ID User-674 added to waiting list for Event 99
User with session idUser-21 APPROVED to enter checkout for Event 99
User with session idUser-23 APPROVED to enter checkout for Event 99
Event is full. User User-674 moved to QUEUE. Position: 900
User with Session ID User-970 added to waiting list for Event 99
User with Session ID User-998 added to waiting list for Event 99
Event is full. User User-970 moved to QUEUE. Position: 900
Event is full. User User-998 moved to QUEUE. Position: 900
User with session idUser-31 APPROVED to enter checkout for Event 99
User with Session ID User-718 added to waiting list for Event 99
Event is full. User User-718 moved to QUEUE. Position: 900
User with Session ID User-526 added to waiting list for Event 99
User with Session ID User-759 added to waiting list for Event 99
Event is full. User User-526 moved to QUEUE. Position: 900
User with Session ID User-855 added to waiting list for Event 99
Event is full. User User-759 moved to QUEUE. Position: 900
Event is full. User User-855 moved to QUEUE. Position: 900
User with Session ID User-960 added to waiting list for Event 99
Event is full. User User-960 moved to QUEUE. Position: 900
User with Session ID User-148 added to waiting list for Event 99
User with Session ID User-834 added to waiting list for Event 99
Event is full. User User-148 moved to QUEUE. Position: 900
User with Session ID User-702 added to waiting list for Event 99
Event is full. User User-834 moved to QUEUE. Position: 900
Event is full. User User-702 moved to QUEUE. Position: 900
User with Session ID User-761 added to waiting list for Event 99
User with Session ID User-811 added to waiting list for Event 99
Event is full. User User-811 moved to QUEUE. Position: 900
Event is full. User User-761 moved to QUEUE. Position: 900
User with Session ID User-92 added to waiting list for Event 99
User with Session ID User-853 added to waiting list for Event 99
User with Session ID User-156 added to waiting list for Event 99
User with Session ID User-341 added to waiting list for Event 99
User with Session ID User-618 added to waiting list for Event 99
User with Session ID User-215 added to waiting list for Event 99
Event is full. User User-156 moved to QUEUE. Position: 900
Event is full. User User-92 moved to QUEUE. Position: 900
Event is full. User User-853 moved to QUEUE. Position: 900
Event is full. User User-215 moved to QUEUE. Position: 900
Event is full. User User-618 moved to QUEUE. Position: 900
Event is full. User User-341 moved to QUEUE. Position: 900
User with Session ID User-101 added to waiting list for Event 99
User with Session ID User-829 added to waiting list for Event 99
Event is full. User User-101 moved to QUEUE. Position: 900
User with Session ID User-732 added to waiting list for Event 99
Event is full. User User-829 moved to QUEUE. Position: 900
User with Session ID User-747 added to waiting list for Event 99
Event is full. User User-732 moved to QUEUE. Position: 900
Event is full. User User-747 moved to QUEUE. Position: 900
User with Session ID User-974 added to waiting list for Event 99
User with Session ID User-858 added to waiting list for Event 99
User with Session ID User-721 added to waiting list for Event 99
User with Session ID User-190 added to waiting list for Event 99
User with Session ID User-424 added to waiting list for Event 99
Event is full. User User-858 moved to QUEUE. Position: 900
User with Session ID User-676 added to waiting list for Event 99
Event is full. User User-721 moved to QUEUE. Position: 900
Event is full. User User-190 moved to QUEUE. Position: 900
Event is full. User User-974 moved to QUEUE. Position: 900
Event is full. User User-676 moved to QUEUE. Position: 900
Event is full. User User-424 moved to QUEUE. Position: 900
User with Session ID User-955 added to waiting list for Event 99
User with Session ID User-355 added to waiting list for Event 99
Event is full. User User-955 moved to QUEUE. Position: 900
Event is full. User User-355 moved to QUEUE. Position: 900
User with Session ID User-619 added to waiting list for Event 99
Event is full. User User-619 moved to QUEUE. Position: 900
User with Session ID User-938 added to waiting list for Event 99
Event is full. User User-938 moved to QUEUE. Position: 900
User with Session ID User-540 added to waiting list for Event 99
User with Session ID User-635 added to waiting list for Event 99
User with Session ID User-638 added to waiting list for Event 99
User with Session ID User-189 added to waiting list for Event 99
User with session idUser-60 APPROVED to enter checkout for Event 99
User with Session ID User-119 added to waiting list for Event 99
Event is full. User User-189 moved to QUEUE. Position: 900
Event is full. User User-635 moved to QUEUE. Position: 900
Event is full. User User-638 moved to QUEUE. Position: 900
Event is full. User User-119 moved to QUEUE. Position: 900
Event is full. User User-540 moved to QUEUE. Position: 900
User with Session ID User-495 added to waiting list for Event 99
User with Session ID User-655 added to waiting list for Event 99
Event is full. User User-495 moved to QUEUE. Position: 900
Event is full. User User-655 moved to QUEUE. Position: 900
User with Session ID User-563 added to waiting list for Event 99
User with Session ID User-710 added to waiting list for Event 99
Event is full. User User-710 moved to QUEUE. Position: 900
User with Session ID User-192 added to waiting list for Event 99
Event is full. User User-192 moved to QUEUE. Position: 900
User with Session ID User-578 added to waiting list for Event 99
Event is full. User User-578 moved to QUEUE. Position: 900
User with Session ID User-744 added to waiting list for Event 99
Event is full. User User-744 moved to QUEUE. Position: 900
Event is full. User User-563 moved to QUEUE. Position: 900
User with Session ID User-792 added to waiting list for Event 99
Event is full. User User-792 moved to QUEUE. Position: 900
User with Session ID User-73 added to waiting list for Event 99
Event is full. User User-73 moved to QUEUE. Position: 900
User with Session ID User-709 added to waiting list for Event 99
User with Session ID User-193 added to waiting list for Event 99
Event is full. User User-709 moved to QUEUE. Position: 900
Event is full. User User-193 moved to QUEUE. Position: 900
User with Session ID User-990 added to waiting list for Event 99
Event is full. User User-990 moved to QUEUE. Position: 900
User with Session ID User-962 added to waiting list for Event 99
User with Session ID User-317 added to waiting list for Event 99
Event is full. User User-962 moved to QUEUE. Position: 900
Event is full. User User-317 moved to QUEUE. Position: 900
User with Session ID User-706 added to waiting list for Event 99
User with Session ID User-876 added to waiting list for Event 99
Event is full. User User-706 moved to QUEUE. Position: 900
Event is full. User User-876 moved to QUEUE. Position: 900
User with Session ID User-425 added to waiting list for Event 99
Event is full. User User-425 moved to QUEUE. Position: 900
User with Session ID User-915 added to waiting list for Event 99
Event is full. User User-915 moved to QUEUE. Position: 900
User with Session ID User-969 added to waiting list for Event 99
Event is full. User User-969 moved to QUEUE. Position: 900
User with Session ID User-666 added to waiting list for Event 99
Event is full. User User-666 moved to QUEUE. Position: 900
User with Session ID User-886 added to waiting list for Event 99
Event is full. User User-886 moved to QUEUE. Position: 900
User with session idUser-75 APPROVED to enter checkout for Event 99
User with Session ID User-774 added to waiting list for Event 99
Event is full. User User-774 moved to QUEUE. Position: 900
User with Session ID User-272 added to waiting list for Event 99
User with Session ID User-650 added to waiting list for Event 99
Event is full. User User-650 moved to QUEUE. Position: 900
Event is full. User User-272 moved to QUEUE. Position: 900
User with Session ID User-340 added to waiting list for Event 99
Event is full. User User-340 moved to QUEUE. Position: 900
User with Session ID User-729 added to waiting list for Event 99
User with Session ID User-845 added to waiting list for Event 99
User with Session ID User-257 added to waiting list for Event 99
User with Session ID User-714 added to waiting list for Event 99
Event is full. User User-845 moved to QUEUE. Position: 900
Event is full. User User-257 moved to QUEUE. Position: 900
Event is full. User User-729 moved to QUEUE. Position: 900
Event is full. User User-714 moved to QUEUE. Position: 900
User with Session ID User-548 added to waiting list for Event 99
Event is full. User User-548 moved to QUEUE. Position: 900
User with Session ID User-534 added to waiting list for Event 99
User with Session ID User-588 added to waiting list for Event 99
User with Session ID User-199 added to waiting list for Event 99
Event is full. User User-588 moved to QUEUE. Position: 900
Event is full. User User-534 moved to QUEUE. Position: 900
Event is full. User User-199 moved to QUEUE. Position: 900
User with Session ID User-100 added to waiting list for Event 99
User with Session ID User-507 added to waiting list for Event 99
Event is full. User User-507 moved to QUEUE. Position: 900
Event is full. User User-100 moved to QUEUE. Position: 900
User with Session ID User-126 added to waiting list for Event 99
Event is full. User User-126 moved to QUEUE. Position: 900
User with Session ID User-547 added to waiting list for Event 99
Event is full. User User-547 moved to QUEUE. Position: 900
User with Session ID User-394 added to waiting list for Event 99
Event is full. User User-394 moved to QUEUE. Position: 900
User with Session ID User-589 added to waiting list for Event 99
Event is full. User User-589 moved to QUEUE. Position: 900
User with Session ID User-310 added to waiting list for Event 99
User with Session ID User-213 added to waiting list for Event 99
Event is full. User User-310 moved to QUEUE. Position: 900
Event is full. User User-213 moved to QUEUE. Position: 900
User with Session ID User-884 added to waiting list for Event 99
User with Session ID User-309 added to waiting list for Event 99
Event is full. User User-884 moved to QUEUE. Position: 900
Event is full. User User-309 moved to QUEUE. Position: 900
User with session idUser-71 APPROVED to enter checkout for Event 99
User with Session ID User-224 added to waiting list for Event 99
Event is full. User User-224 moved to QUEUE. Position: 900
User with Session ID User-742 added to waiting list for Event 99
Event is full. User User-742 moved to QUEUE. Position: 900
User with Session ID User-327 added to waiting list for Event 99
User with Session ID User-870 added to waiting list for Event 99
Event is full. User User-327 moved to QUEUE. Position: 900
Event is full. User User-870 moved to QUEUE. Position: 900
User with Session ID User-229 added to waiting list for Event 99
User with Session ID User-865 added to waiting list for Event 99
User with Session ID User-695 added to waiting list for Event 99
Event is full. User User-229 moved to QUEUE. Position: 900
Event is full. User User-695 moved to QUEUE. Position: 900
Event is full. User User-865 moved to QUEUE. Position: 900
User with Session ID User-991 added to waiting list for Event 99
Event is full. User User-991 moved to QUEUE. Position: 900
User with Session ID User-86 added to waiting list for Event 99
Event is full. User User-86 moved to QUEUE. Position: 900
User with Session ID User-511 added to waiting list for Event 99
User with session idUser-42 APPROVED to enter checkout for Event 99
User with Session ID User-468 added to waiting list for Event 99
Event is full. User User-511 moved to QUEUE. Position: 900
Event is full. User User-468 moved to QUEUE. Position: 900
User with Session ID User-372 added to waiting list for Event 99
User with Session ID User-691 added to waiting list for Event 99
Event is full. User User-372 moved to QUEUE. Position: 900
Event is full. User User-691 moved to QUEUE. Position: 900
User with session idUser-30 APPROVED to enter checkout for Event 99
User with Session ID User-579 added to waiting list for Event 99
User with Session ID User-315 added to waiting list for Event 99
User with Session ID User-927 added to waiting list for Event 99
Event is full. User User-315 moved to QUEUE. Position: 900
Event is full. User User-927 moved to QUEUE. Position: 900
User with Session ID User-887 added to waiting list for Event 99
User with Session ID User-442 added to waiting list for Event 99
Event is full. User User-442 moved to QUEUE. Position: 900
Event is full. User User-887 moved to QUEUE. Position: 900
Event is full. User User-579 moved to QUEUE. Position: 900
User with Session ID User-725 added to waiting list for Event 99
Event is full. User User-725 moved to QUEUE. Position: 900
User with Session ID User-558 added to waiting list for Event 99
Event is full. User User-558 moved to QUEUE. Position: 900
User with Session ID User-825 added to waiting list for Event 99
User with Session ID User-851 added to waiting list for Event 99
User with Session ID User-727 added to waiting list for Event 99
Event is full. User User-851 moved to QUEUE. Position: 900
Event is full. User User-825 moved to QUEUE. Position: 900
Event is full. User User-727 moved to QUEUE. Position: 900
User with Session ID User-630 added to waiting list for Event 99
User with Session ID User-670 added to waiting list for Event 99
Event is full. User User-630 moved to QUEUE. Position: 900
User with Session ID User-878 added to waiting list for Event 99
Event is full. User User-670 moved to QUEUE. Position: 900
Event is full. User User-878 moved to QUEUE. Position: 900
User with Session ID User-168 added to waiting list for Event 99
Event is full. User User-168 moved to QUEUE. Position: 900
User with Session ID User-448 added to waiting list for Event 99
User with Session ID User-779 added to waiting list for Event 99
User with Session ID User-389 added to waiting list for Event 99
Event is full. User User-448 moved to QUEUE. Position: 900
User with Session ID User-138 added to waiting list for Event 99
Event is full. User User-779 moved to QUEUE. Position: 900
Event is full. User User-389 moved to QUEUE. Position: 900
User with Session ID User-139 added to waiting list for Event 99
Event is full. User User-138 moved to QUEUE. Position: 900
Event is full. User User-139 moved to QUEUE. Position: 900
User with Session ID User-585 added to waiting list for Event 99
User with Session ID User-587 added to waiting list for Event 99
Event is full. User User-587 moved to QUEUE. Position: 900
Event is full. User User-585 moved to QUEUE. Position: 900
User with session idUser-38 APPROVED to enter checkout for Event 99
User with Session ID User-209 added to waiting list for Event 99
User with Session ID User-639 added to waiting list for Event 99
User with Session ID User-334 added to waiting list for Event 99
User with Session ID User-373 added to waiting list for Event 99
Event is full. User User-209 moved to QUEUE. Position: 900
Event is full. User User-639 moved to QUEUE. Position: 900
User with Session ID User-575 added to waiting list for Event 99
Event is full. User User-373 moved to QUEUE. Position: 900
Event is full. User User-334 moved to QUEUE. Position: 900
User with Session ID User-713 added to waiting list for Event 99
Event is full. User User-713 moved to QUEUE. Position: 900
Event is full. User User-575 moved to QUEUE. Position: 900
User with Session ID User-681 added to waiting list for Event 99
Event is full. User User-681 moved to QUEUE. Position: 900
User with Session ID User-937 added to waiting list for Event 99
User with Session ID User-568 added to waiting list for Event 99
Event is full. User User-937 moved to QUEUE. Position: 900
Event is full. User User-568 moved to QUEUE. Position: 900
User with Session ID User-771 added to waiting list for Event 99
User with Session ID User-273 added to waiting list for Event 99
Event is full. User User-771 moved to QUEUE. Position: 900
Event is full. User User-273 moved to QUEUE. Position: 900
User with Session ID User-122 added to waiting list for Event 99
Event is full. User User-122 moved to QUEUE. Position: 900
User with Session ID User-992 added to waiting list for Event 99
Event is full. User User-992 moved to QUEUE. Position: 900
User with Session ID User-520 added to waiting list for Event 99
User with Session ID User-357 added to waiting list for Event 99
Event is full. User User-520 moved to QUEUE. Position: 900
User with Session ID User-198 added to waiting list for Event 99
Event is full. User User-198 moved to QUEUE. Position: 900
User with Session ID User-479 added to waiting list for Event 99
Event is full. User User-357 moved to QUEUE. Position: 900
Event is full. User User-479 moved to QUEUE. Position: 900
User with session idUser-34 APPROVED to enter checkout for Event 99
User with Session ID User-812 added to waiting list for Event 99
User with Session ID User-873 added to waiting list for Event 99
Event is full. User User-812 moved to QUEUE. Position: 900
Event is full. User User-873 moved to QUEUE. Position: 900
User with Session ID User-758 added to waiting list for Event 99
Event is full. User User-758 moved to QUEUE. Position: 900
User with Session ID User-370 added to waiting list for Event 99
Event is full. User User-370 moved to QUEUE. Position: 900
User with Session ID User-396 added to waiting list for Event 99
Event is full. User User-396 moved to QUEUE. Position: 900
User with Session ID User-104 added to waiting list for Event 99
Event is full. User User-104 moved to QUEUE. Position: 900
User with Session ID User-696 added to waiting list for Event 99
User with Session ID User-358 added to waiting list for Event 99
User with Session ID User-687 added to waiting list for Event 99
User with Session ID User-210 added to waiting list for Event 99
User with Session ID User-330 added to waiting list for Event 99
User with Session ID User-743 added to waiting list for Event 99
Event is full. User User-358 moved to QUEUE. Position: 900
Event is full. User User-330 moved to QUEUE. Position: 900
Event is full. User User-743 moved to QUEUE. Position: 900
User with Session ID User-359 added to waiting list for Event 99
Event is full. User User-359 moved to QUEUE. Position: 900
Event is full. User User-696 moved to QUEUE. Position: 900
Event is full. User User-210 moved to QUEUE. Position: 900
User with Session ID User-564 added to waiting list for Event 99
Event is full. User User-687 moved to QUEUE. Position: 900
Event is full. User User-564 moved to QUEUE. Position: 900
User with Session ID User-278 added to waiting list for Event 99
User with Session ID User-214 added to waiting list for Event 99
User with Session ID User-606 added to waiting list for Event 99
User with Session ID User-778 added to waiting list for Event 99
Event is full. User User-606 moved to QUEUE. Position: 900
Event is full. User User-214 moved to QUEUE. Position: 900
Event is full. User User-278 moved to QUEUE. Position: 900
Event is full. User User-778 moved to QUEUE. Position: 900
User with session idUser-72 APPROVED to enter checkout for Event 99
User with Session ID User-390 added to waiting list for Event 99
User with Session ID User-776 added to waiting list for Event 99
User with Session ID User-861 added to waiting list for Event 99
User with Session ID User-609 added to waiting list for Event 99
Event is full. User User-390 moved to QUEUE. Position: 900
Event is full. User User-609 moved to QUEUE. Position: 900
Event is full. User User-861 moved to QUEUE. Position: 900
Event is full. User User-776 moved to QUEUE. Position: 900
User with Session ID User-105 added to waiting list for Event 99
Event is full. User User-105 moved to QUEUE. Position: 900
User with Session ID User-383 added to waiting list for Event 99
User with Session ID User-132 added to waiting list for Event 99
User with Session ID User-653 added to waiting list for Event 99
Event is full. User User-383 moved to QUEUE. Position: 900
Event is full. User User-653 moved to QUEUE. Position: 900
Event is full. User User-132 moved to QUEUE. Position: 900
User with Session ID User-692 added to waiting list for Event 99
Event is full. User User-692 moved to QUEUE. Position: 900
User with Session ID User-987 added to waiting list for Event 99
User with Session ID User-615 added to waiting list for Event 99
User with Session ID User-136 added to waiting list for Event 99
User with Session ID User-453 added to waiting list for Event 99
User with Session ID User-258 added to waiting list for Event 99
Event is full. User User-136 moved to QUEUE. Position: 900
Event is full. User User-453 moved to QUEUE. Position: 900
Event is full. User User-258 moved to QUEUE. Position: 900
Event is full. User User-615 moved to QUEUE. Position: 900
Event is full. User User-987 moved to QUEUE. Position: 900
User with Session ID User-600 added to waiting list for Event 99
User with Session ID User-244 added to waiting list for Event 99
User with Session ID User-324 added to waiting list for Event 99
User with Session ID User-734 added to waiting list for Event 99
User with Session ID User-418 added to waiting list for Event 99
Event is full. User User-324 moved to QUEUE. Position: 900
Event is full. User User-600 moved to QUEUE. Position: 900
Event is full. User User-734 moved to QUEUE. Position: 900
Event is full. User User-418 moved to QUEUE. Position: 900
Event is full. User User-244 moved to QUEUE. Position: 900
User with Session ID User-980 added to waiting list for Event 99
User with Session ID User-463 added to waiting list for Event 99
Event is full. User User-980 moved to QUEUE. Position: 900
User with Session ID User-170 added to waiting list for Event 99
Event is full. User User-170 moved to QUEUE. Position: 900
Event is full. User User-463 moved to QUEUE. Position: 900
User with Session ID User-577 added to waiting list for Event 99
Event is full. User User-577 moved to QUEUE. Position: 900
User with Session ID User-211 added to waiting list for Event 99
User with Session ID User-409 added to waiting list for Event 99
Event is full. User User-211 moved to QUEUE. Position: 900
Event is full. User User-409 moved to QUEUE. Position: 900
User with Session ID User-800 added to waiting list for Event 99
Event is full. User User-800 moved to QUEUE. Position: 900
User with Session ID User-240 added to waiting list for Event 99
Event is full. User User-240 moved to QUEUE. Position: 900
User with Session ID User-266 added to waiting list for Event 99
User with Session ID User-798 added to waiting list for Event 99
Event is full. User User-266 moved to QUEUE. Position: 900
Event is full. User User-798 moved to QUEUE. Position: 900
User with Session ID User-950 added to waiting list for Event 99
Event is full. User User-950 moved to QUEUE. Position: 900
User with Session ID User-910 added to waiting list for Event 99
Event is full. User User-910 moved to QUEUE. Position: 900
User with session idUser-66 APPROVED to enter checkout for Event 99
User with Session ID User-813 added to waiting list for Event 99
Event is full. User User-813 moved to QUEUE. Position: 900
User with Session ID User-338 added to waiting list for Event 99
Event is full. User User-338 moved to QUEUE. Position: 900
User with Session ID User-939 added to waiting list for Event 99
Event is full. User User-939 moved to QUEUE. Position: 900
User with session idUser-84 APPROVED to enter checkout for Event 99
User with session idUser-28 APPROVED to enter checkout for Event 99
User with Session ID User-402 added to waiting list for Event 99
User with Session ID User-238 added to waiting list for Event 99
Event is full. User User-402 moved to QUEUE. Position: 900
Event is full. User User-238 moved to QUEUE. Position: 900
User with Session ID User-505 added to waiting list for Event 99
Event is full. User User-505 moved to QUEUE. Position: 900
User with Session ID User-869 added to waiting list for Event 99
User with Session ID User-436 added to waiting list for Event 99
Event is full. User User-436 moved to QUEUE. Position: 900
Event is full. User User-869 moved to QUEUE. Position: 900
User with session idUser-58 APPROVED to enter checkout for Event 99
User with Session ID User-856 added to waiting list for Event 99
Event is full. User User-856 moved to QUEUE. Position: 900
User with Session ID User-337 added to waiting list for Event 99
Event is full. User User-337 moved to QUEUE. Position: 900
User with Session ID User-925 added to waiting list for Event 99
Event is full. User User-925 moved to QUEUE. Position: 900
User with Session ID User-99 added to waiting list for Event 99
User with Session ID User-323 added to waiting list for Event 99
Event is full. User User-323 moved to QUEUE. Position: 900
Event is full. User User-99 moved to QUEUE. Position: 900
User with Session ID User-464 added to waiting list for Event 99
Event is full. User User-464 moved to QUEUE. Position: 900
User with Session ID User-826 added to waiting list for Event 99
Event is full. User User-826 moved to QUEUE. Position: 900
User with Session ID User-462 added to waiting list for Event 99
User with Session ID User-226 added to waiting list for Event 99
Event is full. User User-226 moved to QUEUE. Position: 900
Event is full. User User-462 moved to QUEUE. Position: 900
User with Session ID User-981 added to waiting list for Event 99
Event is full. User User-981 moved to QUEUE. Position: 900
User with Session ID User-852 added to waiting list for Event 99
User with Session ID User-113 added to waiting list for Event 99
User with Session ID User-434 added to waiting list for Event 99
Event is full. User User-852 moved to QUEUE. Position: 900
Event is full. User User-113 moved to QUEUE. Position: 900
Event is full. User User-434 moved to QUEUE. Position: 900
User with Session ID User-90 added to waiting list for Event 99
Event is full. User User-90 moved to QUEUE. Position: 900
User with Session ID User-364 added to waiting list for Event 99
Event is full. User User-364 moved to QUEUE. Position: 900
User with Session ID User-387 added to waiting list for Event 99
Event is full. User User-387 moved to QUEUE. Position: 900
User with Session ID User-686 added to waiting list for Event 99
User with Session ID User-85 added to waiting list for Event 99
Event is full. User User-686 moved to QUEUE. Position: 900
User with Session ID User-149 added to waiting list for Event 99
Event is full. User User-149 moved to QUEUE. Position: 900
User with Session ID User-920 added to waiting list for Event 99
Event is full. User User-85 moved to QUEUE. Position: 900
Event is full. User User-920 moved to QUEUE. Position: 900
User with Session ID User-503 added to waiting list for Event 99
Event is full. User User-503 moved to QUEUE. Position: 900
User with Session ID User-502 added to waiting list for Event 99
Event is full. User User-502 moved to QUEUE. Position: 900
User with Session ID User-786 added to waiting list for Event 99
Event is full. User User-786 moved to QUEUE. Position: 900
User with Session ID User-239 added to waiting list for Event 99
Event is full. User User-239 moved to QUEUE. Position: 900
User with Session ID User-854 added to waiting list for Event 99
Event is full. User User-854 moved to QUEUE. Position: 900
User with Session ID User-953 added to waiting list for Event 99
User with session idUser-29 APPROVED to enter checkout for Event 99
Event is full. User User-953 moved to QUEUE. Position: 900
User with Session ID User-982 added to waiting list for Event 99
Event is full. User User-982 moved to QUEUE. Position: 900
User with Session ID User-868 added to waiting list for Event 99
Event is full. User User-868 moved to QUEUE. Position: 900
User with Session ID User-417 added to waiting list for Event 99
User with Session ID User-191 added to waiting list for Event 99
Event is full. User User-417 moved to QUEUE. Position: 900
Event is full. User User-191 moved to QUEUE. Position: 900
User with Session ID User-474 added to waiting list for Event 99
Event is full. User User-474 moved to QUEUE. Position: 900
User with Session ID User-98 added to waiting list for Event 99
Event is full. User User-98 moved to QUEUE. Position: 900
User with Session ID User-794 added to waiting list for Event 99
Event is full. User User-794 moved to QUEUE. Position: 900
User with Session ID User-517 added to waiting list for Event 99
Event is full. User User-517 moved to QUEUE. Position: 900
User with Session ID User-967 added to waiting list for Event 99
Event is full. User User-967 moved to QUEUE. Position: 900
User with Session ID User-701 added to waiting list for Event 99
User with Session ID User-529 added to waiting list for Event 99
User with Session ID User-392 added to waiting list for Event 99
Event is full. User User-529 moved to QUEUE. Position: 900
Event is full. User User-701 moved to QUEUE. Position: 900
User with Session ID User-110 added to waiting list for Event 99
Event is full. User User-392 moved to QUEUE. Position: 900
Event is full. User User-110 moved to QUEUE. Position: 900
User with Session ID User-673 added to waiting list for Event 99
User with session idUser-70 APPROVED to enter checkout for Event 99
Event is full. User User-673 moved to QUEUE. Position: 900
User with Session ID User-672 added to waiting list for Event 99
Event is full. User User-672 moved to QUEUE. Position: 900
User with session idUser-56 APPROVED to enter checkout for Event 99
User with Session ID User-659 added to waiting list for Event 99
User with Session ID User-361 added to waiting list for Event 99
User with Session ID User-182 added to waiting list for Event 99
Event is full. User User-182 moved to QUEUE. Position: 900
Event is full. User User-361 moved to QUEUE. Position: 900
Event is full. User User-659 moved to QUEUE. Position: 900
User with Session ID User-74 added to waiting list for Event 99
Event is full. User User-74 moved to QUEUE. Position: 900
User with Session ID User-688 added to waiting list for Event 99
Event is full. User User-688 moved to QUEUE. Position: 900
User with Session ID User-117 added to waiting list for Event 99
User with Session ID User-351 added to waiting list for Event 99
Event is full. User User-117 moved to QUEUE. Position: 900
Event is full. User User-351 moved to QUEUE. Position: 900
User with session idUser-57 APPROVED to enter checkout for Event 99
User with Session ID User-299 added to waiting list for Event 99
User with session idUser-772 APPROVED to enter checkout for Event 99
Event is full. User User-299 moved to QUEUE. Position: 900
User with Session ID User-160 added to waiting list for Event 99
User with Session ID User-757 added to waiting list for Event 99
Event is full. User User-757 moved to QUEUE. Position: 900
User with session idUser-44 APPROVED to enter checkout for Event 99
User with session idUser-898 APPROVED to enter checkout for Event 99
Event is full. User User-160 moved to QUEUE. Position: 900
User with Session ID User-832 added to waiting list for Event 99
Event is full. User User-832 moved to QUEUE. Position: 900
User with Session ID User-679 added to waiting list for Event 99
User with Session ID User-777 added to waiting list for Event 99
Event is full. User User-679 moved to QUEUE. Position: 900
Event is full. User User-777 moved to QUEUE. Position: 900
User with Session ID User-412 added to waiting list for Event 99
Event is full. User User-412 moved to QUEUE. Position: 900
User with session idUser-888 APPROVED to enter checkout for Event 99
User with Session ID User-411 added to waiting list for Event 99
User with Session ID User-201 added to waiting list for Event 99
Event is full. User User-411 moved to QUEUE. Position: 900
User with Session ID User-115 added to waiting list for Event 99
Event is full. User User-201 moved to QUEUE. Position: 900
Event is full. User User-115 moved to QUEUE. Position: 900
User with Session ID User-174 added to waiting list for Event 99
Event is full. User User-174 moved to QUEUE. Position: 900
User with Session ID User-369 added to waiting list for Event 99
Event is full. User User-369 moved to QUEUE. Position: 900
User with Session ID User-385 added to waiting list for Event 99
Event is full. User User-385 moved to QUEUE. Position: 900
User with Session ID User-566 added to waiting list for Event 99
User with Session ID User-212 added to waiting list for Event 99
Event is full. User User-212 moved to QUEUE. Position: 900
User with session idUser-35 APPROVED to enter checkout for Event 99
Event is full. User User-566 moved to QUEUE. Position: 900
User with Session ID User-972 added to waiting list for Event 99
User with Session ID User-572 added to waiting list for Event 99
Event is full. User User-972 moved to QUEUE. Position: 900
User with Session ID User-221 added to waiting list for Event 99
Event is full. User User-572 moved to QUEUE. Position: 900
User with Session ID User-496 added to waiting list for Event 99
Event is full. User User-221 moved to QUEUE. Position: 900
Event is full. User User-496 moved to QUEUE. Position: 900
User with Session ID User-791 added to waiting list for Event 99
Event is full. User User-791 moved to QUEUE. Position: 900
User with Session ID User-750 added to waiting list for Event 99
User with Session ID User-360 added to waiting list for Event 99
Event is full. User User-360 moved to QUEUE. Position: 900
Event is full. User User-750 moved to QUEUE. Position: 900
User with Session ID User-760 added to waiting list for Event 99
Event is full. User User-760 moved to QUEUE. Position: 900
User with Session ID User-514 added to waiting list for Event 99
Event is full. User User-514 moved to QUEUE. Position: 900
User with Session ID User-651 added to waiting list for Event 99
Event is full. User User-651 moved to QUEUE. Position: 900
User with session idUser-22 APPROVED to enter checkout for Event 99
User with Session ID User-488 added to waiting list for Event 99
User with Session ID User-515 added to waiting list for Event 99
Event is full. User User-488 moved to QUEUE. Position: 900
Event is full. User User-515 moved to QUEUE. Position: 900
User with Session ID User-469 added to waiting list for Event 99
Event is full. User User-469 moved to QUEUE. Position: 900
User with Session ID User-230 added to waiting list for Event 99
Event is full. User User-230 moved to QUEUE. Position: 900
User with Session ID User-313 added to waiting list for Event 99
User with Session ID User-222 added to waiting list for Event 99
Event is full. User User-222 moved to QUEUE. Position: 900
User with session idUser-62 APPROVED to enter checkout for Event 99
Event is full. User User-313 moved to QUEUE. Position: 900
User with Session ID User-249 added to waiting list for Event 99
Event is full. User User-249 moved to QUEUE. Position: 900
User with Session ID User-116 added to waiting list for Event 99
Event is full. User User-116 moved to QUEUE. Position: 900
User with Session ID User-549 added to waiting list for Event 99
Event is full. User User-549 moved to QUEUE. Position: 900
User with Session ID User-678 added to waiting list for Event 99
Event is full. User User-678 moved to QUEUE. Position: 900
User with session idUser-19 APPROVED to enter checkout for Event 99
User with Session ID User-530 added to waiting list for Event 99
User with Session ID User-859 added to waiting list for Event 99
Event is full. User User-530 moved to QUEUE. Position: 900
Event is full. User User-859 moved to QUEUE. Position: 900
User with Session ID User-381 added to waiting list for Event 99
Event is full. User User-381 moved to QUEUE. Position: 900
User with Session ID User-731 added to waiting list for Event 99
User with Session ID User-146 added to waiting list for Event 99
Event is full. User User-731 moved to QUEUE. Position: 900
Event is full. User User-146 moved to QUEUE. Position: 900
User with session idUser-49 APPROVED to enter checkout for Event 99
User with session idUser-27 APPROVED to enter checkout for Event 99
User with Session ID User-951 added to waiting list for Event 99
[...]
Event is full. User User-863 moved to QUEUE. Position: 900
User with Session ID User-219 added to waiting list for Event 99
Event is full. User User-219 moved to QUEUE. Position: 900
User with Session ID User-342 added to waiting list for Event 99
Event is full. User User-342 moved to QUEUE. Position: 900
User with Session ID User-332 added to waiting list for Event 99
User with Session ID User-500 added to waiting list for Event 99
Event is full. User User-332 moved to QUEUE. Position: 900
Event is full. User User-500 moved to QUEUE. Position: 900
User with session idUser-908 APPROVED to enter checkout for Event 99
User with Session ID User-621 added to waiting list for Event 99
Event is full. User User-621 moved to QUEUE. Position: 900
User with Session ID User-690 added to waiting list for Event 99
Event is full. User User-690 moved to QUEUE. Position: 900
User with Session ID User-958 added to waiting list for Event 99
User with Session ID User-528 added to waiting list for Event 99
User with Session ID User-405 added to waiting list for Event 99
User with Session ID User-591 added to waiting list for Event 99
Event is full. User User-958 moved to QUEUE. Position: 900
Event is full. User User-528 moved to QUEUE. Position: 900
Event is full. User User-405 moved to QUEUE. Position: 900
User with Session ID User-328 added to waiting list for Event 99
Event is full. User User-328 moved to QUEUE. Position: 900
Event is full. User User-591 moved to QUEUE. Position: 900
User with Session ID User-773 added to waiting list for Event 99
Event is full. User User-773 moved to QUEUE. Position: 900
User with Session ID User-608 added to waiting list for Event 99
Event is full. User User-608 moved to QUEUE. Position: 900
User with Session ID User-941 added to waiting list for Event 99
Event is full. User User-941 moved to QUEUE. Position: 900
User with Session ID User-733 added to waiting list for Event 99
User with Session ID User-762 added to waiting list for Event 99
User with Session ID User-694 added to waiting list for Event 99
User with Session ID User-789 added to waiting list for Event 99
User with Session ID User-933 added to waiting list for Event 99
Event is full. User User-933 moved to QUEUE. Position: 900
Event is full. User User-762 moved to QUEUE. Position: 900
Event is full. User User-694 moved to QUEUE. Position: 900
Event is full. User User-733 moved to QUEUE. Position: 900
Event is full. User User-789 moved to QUEUE. Position: 900
User with session idUser-909 APPROVED to enter checkout for Event 99
User with Session ID User-573 added to waiting list for Event 99
Event is full. User User-573 moved to QUEUE. Position: 900
User with Session ID User-181 added to waiting list for Event 99
Event is full. User User-181 moved to QUEUE. Position: 900
User with Session ID User-93 added to waiting list for Event 99
Event is full. User User-93 moved to QUEUE. Position: 900
User with Session ID User-445 added to waiting list for Event 99
User with Session ID User-593 added to waiting list for Event 99
User with Session ID User-251 added to waiting list for Event 99
User with Session ID User-543 added to waiting list for Event 99
Event is full. User User-445 moved to QUEUE. Position: 900
Event is full. User User-593 moved to QUEUE. Position: 900
Event is full. User User-543 moved to QUEUE. Position: 900
Event is full. User User-251 moved to QUEUE. Position: 900
User with Session ID User-726 added to waiting list for Event 99
User with Session ID User-180 added to waiting list for Event 99
User with session idUser-20 APPROVED to enter checkout for Event 99
User with Session ID User-625 added to waiting list for Event 99
Event is full. User User-726 moved to QUEUE. Position: 900
Event is full. User User-625 moved to QUEUE. Position: 900
Event is full. User User-180 moved to QUEUE. Position: 900
User with Session ID User-123 added to waiting list for Event 99
Event is full. User User-123 moved to QUEUE. Position: 900
User with Session ID User-816 added to waiting list for Event 99
Event is full. User User-816 moved to QUEUE. Position: 900
User with Session ID User-536 added to waiting list for Event 99
Event is full. User User-536 moved to QUEUE. Position: 900
User with Session ID User-874 added to waiting list for Event 99
User with Session ID User-432 added to waiting list for Event 99
Event is full. User User-874 moved to QUEUE. Position: 900
Event is full. User User-432 moved to QUEUE. Position: 900
User with session idUser-37 APPROVED to enter checkout for Event 99
User with Session ID User-539 added to waiting list for Event 99
Event is full. User User-539 moved to QUEUE. Position: 900
User with session idUser-67 APPROVED to enter checkout for Event 99
User with Session ID User-557 added to waiting list for Event 99
Event is full. User User-557 moved to QUEUE. Position: 900
User with session idUser-25 APPROVED to enter checkout for Event 99
User with Session ID User-843 added to waiting list for Event 99
Event is full. User User-843 moved to QUEUE. Position: 900
User with session idUser-4 APPROVED to enter checkout for Event 99
User with Session ID User-723 added to waiting list for Event 99
User with Session ID User-544 added to waiting list for Event 99
Event is full. User User-544 moved to QUEUE. Position: 900
User with Session ID User-942 added to waiting list for Event 99
User with session idUser-40 APPROVED to enter checkout for Event 99
Event is full. User User-723 moved to QUEUE. Position: 900
Event is full. User User-942 moved to QUEUE. Position: 900
User with Session ID User-161 added to waiting list for Event 99
Event is full. User User-161 moved to QUEUE. Position: 900
User with Session ID User-768 added to waiting list for Event 99
User with Session ID User-419 added to waiting list for Event 99
User with Session ID User-97 added to waiting list for Event 99
Event is full. User User-768 moved to QUEUE. Position: 900
Event is full. User User-419 moved to QUEUE. Position: 900
Event is full. User User-97 moved to QUEUE. Position: 900
User with Session ID User-541 added to waiting list for Event 99
Event is full. User User-541 moved to QUEUE. Position: 900
User with session idUser-7 APPROVED to enter checkout for Event 99
User with Session ID User-682 added to waiting list for Event 99
User with Session ID User-715 added to waiting list for Event 99
User with Session ID User-763 added to waiting list for Event 99
User with Session ID User-321 added to waiting list for Event 99
Event is full. User User-682 moved to QUEUE. Position: 900
User with Session ID User-803 added to waiting list for Event 99
Event is full. User User-763 moved to QUEUE. Position: 900
User with Session ID User-627 added to waiting list for Event 99
Event is full. User User-321 moved to QUEUE. Position: 900
Event is full. User User-627 moved to QUEUE. Position: 900
Event is full. User User-803 moved to QUEUE. Position: 900
Event is full. User User-715 moved to QUEUE. Position: 900
User with Session ID User-748 added to waiting list for Event 99
Event is full. User User-748 moved to QUEUE. Position: 900
User with Session ID User-995 added to waiting list for Event 99
User with Session ID User-921 added to waiting list for Event 99
User with Session ID User-151 added to waiting list for Event 99
Event is full. User User-921 moved to QUEUE. Position: 900
Event is full. User User-995 moved to QUEUE. Position: 900
Event is full. User User-151 moved to QUEUE. Position: 900
User with Session ID User-603 added to waiting list for Event 99
Event is full. User User-603 moved to QUEUE. Position: 900
User with Session ID User-294 added to waiting list for Event 99
Event is full. User User-294 moved to QUEUE. Position: 900
User with Session ID User-248 added to waiting list for Event 99
User with Session ID User-336 added to waiting list for Event 99
User with Session ID User-785 added to waiting list for Event 99
User with Session ID User-808 added to waiting list for Event 99
Event is full. User User-336 moved to QUEUE. Position: 900
Event is full. User User-248 moved to QUEUE. Position: 900
Event is full. User User-808 moved to QUEUE. Position: 900
User with Session ID User-352 added to waiting list for Event 99
Event is full. User User-352 moved to QUEUE. Position: 900
User with Session ID User-473 added to waiting list for Event 99
Event is full. User User-473 moved to QUEUE. Position: 900
Event is full. User User-785 moved to QUEUE. Position: 900
User with Session ID User-154 added to waiting list for Event 99
Event is full. User User-154 moved to QUEUE. Position: 900
User with Session ID User-487 added to waiting list for Event 99
User with Session ID User-504 added to waiting list for Event 99
User with Session ID User-471 added to waiting list for Event 99
User with Session ID User-491 added to waiting list for Event 99
Event is full. User User-471 moved to QUEUE. Position: 900
Event is full. User User-504 moved to QUEUE. Position: 900
Event is full. User User-487 moved to QUEUE. Position: 900
Event is full. User User-491 moved to QUEUE. Position: 900
User with session idUser-911 APPROVED to enter checkout for Event 99
User with session idUser-15 APPROVED to enter checkout for Event 99
User with Session ID User-926 added to waiting list for Event 99
Event is full. User User-926 moved to QUEUE. Position: 900
User with session idUser-896 APPROVED to enter checkout for Event 99
User with Session ID User-842 added to waiting list for Event 99
User with Session ID User-262 added to waiting list for Event 99
Event is full. User User-262 moved to QUEUE. Position: 900
Event is full. User User-842 moved to QUEUE. Position: 900
User with Session ID User-928 added to waiting list for Event 99
Event is full. User User-928 moved to QUEUE. Position: 900
User with Session ID User-986 added to waiting list for Event 99
Event is full. User User-986 moved to QUEUE. Position: 900
User with Session ID User-712 added to waiting list for Event 99
Event is full. User User-712 moved to QUEUE. Position: 900
User with Session ID User-94 added to waiting list for Event 99
Event is full. User User-94 moved to QUEUE. Position: 900
User with Session ID User-374 added to waiting list for Event 99
Event is full. User User-374 moved to QUEUE. Position: 900
User with Session ID User-675 added to waiting list for Event 99
Event is full. User User-675 moved to QUEUE. Position: 900
User with Session ID User-81 added to waiting list for Event 99
Event is full. User User-81 moved to QUEUE. Position: 900
User with Session ID User-82 added to waiting list for Event 99
User with Session ID User-430 added to waiting list for Event 99
Event is full. User User-430 moved to QUEUE. Position: 900
Event is full. User User-82 moved to QUEUE. Position: 900
User with Session ID User-177 added to waiting list for Event 99
Event is full. User User-177 moved to QUEUE. Position: 900
User with Session ID User-184 added to waiting list for Event 99
Event is full. User User-184 moved to QUEUE. Position: 900
User with Session ID User-767 added to waiting list for Event 99
Event is full. User User-767 moved to QUEUE. Position: 900
User with Session ID User-784 added to waiting list for Event 99
Event is full. User User-784 moved to QUEUE. Position: 900
User with Session ID User-476 added to waiting list for Event 99
User with Session ID User-207 added to waiting list for Event 99
User with Session ID User-698 added to waiting list for Event 99
Event is full. User User-476 moved to QUEUE. Position: 900
Event is full. User User-207 moved to QUEUE. Position: 900
Event is full. User User-698 moved to QUEUE. Position: 900
User with Session ID User-349 added to waiting list for Event 99
User with Session ID User-636 added to waiting list for Event 99
Event is full. User User-349 moved to QUEUE. Position: 900
Event is full. User User-636 moved to QUEUE. Position: 900
User with session idUser-52 APPROVED to enter checkout for Event 99
User with session idUser-10 APPROVED to enter checkout for Event 99
User with Session ID User-881 added to waiting list for Event 99
User with Session ID User-667 added to waiting list for Event 99
Event is full. User User-667 moved to QUEUE. Position: 900
Event is full. User User-881 moved to QUEUE. Position: 900
User with Session ID User-796 added to waiting list for Event 99
Event is full. User User-796 moved to QUEUE. Position: 900
User with Session ID User-787 added to waiting list for Event 99
Event is full. User User-787 moved to QUEUE. Position: 900
User with session idUser-53 APPROVED to enter checkout for Event 99
User with Session ID User-599 added to waiting list for Event 99
User with Session ID User-152 added to waiting list for Event 99
Event is full. User User-599 moved to QUEUE. Position: 900
Event is full. User User-152 moved to QUEUE. Position: 900
User with Session ID User-499 added to waiting list for Event 99
Event is full. User User-499 moved to QUEUE. Position: 900
User with Session ID User-513 added to waiting list for Event 99
Event is full. User User-513 moved to QUEUE. Position: 900
User with Session ID User-623 added to waiting list for Event 99
Event is full. User User-623 moved to QUEUE. Position: 900
User with session idUser-65 APPROVED to enter checkout for Event 99
User with Session ID User-948 added to waiting list for Event 99
Event is full. User User-948 moved to QUEUE. Position: 900
User with Session ID User-208 added to waiting list for Event 99
Event is full. User User-208 moved to QUEUE. Position: 900
User with Session ID User-614 added to waiting list for Event 99
Event is full. User User-614 moved to QUEUE. Position: 900
User with Session ID User-559 added to waiting list for Event 99
User with Session ID User-664 added to waiting list for Event 99
User with Session ID User-704 added to waiting list for Event 99
User with Session ID User-827 added to waiting list for Event 99
Event is full. User User-559 moved to QUEUE. Position: 900
Event is full. User User-664 moved to QUEUE. Position: 900
Event is full. User User-704 moved to QUEUE. Position: 900
Event is full. User User-827 moved to QUEUE. Position: 900
User with Session ID User-749 added to waiting list for Event 99
User with Session ID User-699 added to waiting list for Event 99
Event is full. User User-749 moved to QUEUE. Position: 900
Event is full. User User-699 moved to QUEUE. Position: 900
User with Session ID User-607 added to waiting list for Event 99
Event is full. User User-607 moved to QUEUE. Position: 900
User with Session ID User-977 added to waiting list for Event 99
User with Session ID User-289 added to waiting list for Event 99
Event is full. User User-977 moved to QUEUE. Position: 900
Event is full. User User-289 moved to QUEUE. Position: 900
User with Session ID User-347 added to waiting list for Event 99
User with Session ID User-877 added to waiting list for Event 99
Event is full. User User-347 moved to QUEUE. Position: 900
User with Session ID User-518 added to waiting list for Event 99
Event is full. User User-877 moved to QUEUE. Position: 900
Event is full. User User-518 moved to QUEUE. Position: 900
User with Session ID User-404 added to waiting list for Event 99
Event is full. User User-404 moved to QUEUE. Position: 900
User with Session ID User-217 added to waiting list for Event 99
Event is full. User User-217 moved to QUEUE. Position: 900
User with Session ID User-956 added to waiting list for Event 99
User with Session ID User-260 added to waiting list for Event 99
Event is full. User User-260 moved to QUEUE. Position: 900
Event is full. User User-956 moved to QUEUE. Position: 900
User with Session ID User-626 added to waiting list for Event 99
User with Session ID User-265 added to waiting list for Event 99
Event is full. User User-626 moved to QUEUE. Position: 900
Event is full. User User-265 moved to QUEUE. Position: 900
User with Session ID User-624 added to waiting list for Event 99
User with Session ID User-605 added to waiting list for Event 99
Event is full. User User-624 moved to QUEUE. Position: 900
User with Session ID User-996 added to waiting list for Event 99
Event is full. User User-605 moved to QUEUE. Position: 900
Event is full. User User-996 moved to QUEUE. Position: 900
User with Session ID User-963 added to waiting list for Event 99
User with Session ID User-819 added to waiting list for Event 99
Event is full. User User-963 moved to QUEUE. Position: 900
Event is full. User User-819 moved to QUEUE. Position: 900
User with Session ID User-492 added to waiting list for Event 99
User with Session ID User-449 added to waiting list for Event 99
Event is full. User User-492 moved to QUEUE. Position: 900
User with Session ID User-840 added to waiting list for Event 99
Event is full. User User-449 moved to QUEUE. Position: 900
Event is full. User User-840 moved to QUEUE. Position: 900
User with Session ID User-296 added to waiting list for Event 99
Event is full. User User-296 moved to QUEUE. Position: 900
User with Session ID User-822 added to waiting list for Event 99
User with Session ID User-379 added to waiting list for Event 99
Event is full. User User-822 moved to QUEUE. Position: 900
User with Session ID User-989 added to waiting list for Event 99
Event is full. User User-379 moved to QUEUE. Position: 900
User with Session ID User-628 added to waiting list for Event 99
Event is full. User User-989 moved to QUEUE. Position: 900
Event is full. User User-628 moved to QUEUE. Position: 900
User with session idUser-41 APPROVED to enter checkout for Event 99
User with Session ID User-524 added to waiting list for Event 99
Event is full. User User-524 moved to QUEUE. Position: 900
User with Session ID User-611 added to waiting list for Event 99
User with Session ID User-545 added to waiting list for Event 99
User with Session ID User-924 added to waiting list for Event 99
Event is full. User User-611 moved to QUEUE. Position: 900
User with Session ID User-78 added to waiting list for Event 99
User with Session ID User-828 added to waiting list for Event 99
Event is full. User User-78 moved to QUEUE. Position: 900
Event is full. User User-545 moved to QUEUE. Position: 900
User with Session ID User-755 added to waiting list for Event 99
Event is full. User User-828 moved to QUEUE. Position: 900
Event is full. User User-924 moved to QUEUE. Position: 900
Event is full. User User-755 moved to QUEUE. Position: 900
User with Session ID User-968 added to waiting list for Event 99
Event is full. User User-968 moved to QUEUE. Position: 900
User with Session ID User-604 added to waiting list for Event 99
User with Session ID User-179 added to waiting list for Event 99
Event is full. User User-179 moved to QUEUE. Position: 900
Event is full. User User-604 moved to QUEUE. Position: 900
User with Session ID User-788 added to waiting list for Event 99
User with Session ID User-879 added to waiting list for Event 99
Event is full. User User-788 moved to QUEUE. Position: 900
Event is full. User User-879 moved to QUEUE. Position: 900
User with Session ID User-565 added to waiting list for Event 99
Event is full. User User-565 moved to QUEUE. Position: 900
User with Session ID User-250 added to waiting list for Event 99
Event is full. User User-250 moved to QUEUE. Position: 900
User with Session ID User-322 added to waiting list for Event 99
Event is full. User User-322 moved to QUEUE. Position: 900
User with Session ID User-527 added to waiting list for Event 99
Event is full. User User-527 moved to QUEUE. Position: 900
User with Session ID User-196 added to waiting list for Event 99
Event is full. User User-196 moved to QUEUE. Position: 900
User with Session ID User-902 added to waiting list for Event 99
User with Session ID User-561 added to waiting list for Event 99
Event is full. User User-561 moved to QUEUE. Position: 900
Event is full. User User-902 moved to QUEUE. Position: 900
Approved: 100
Queued: 900
]]></system-out>
  </testcase>
</testsuite>